Performing C SOURCE FILE Test CMAKE_HAVE_LIBC_PTHREAD failed with the following output:
Change Dir: /home/jbs/test_ws/src/traj_gen/cmake-build-debug/CMakeFiles/CMakeTmp

Run Build Command(s):/usr/bin/make cmTC_cc82f/fast && /usr/bin/make -f CMakeFiles/cmTC_cc82f.dir/build.make CMakeFiles/cmTC_cc82f.dir/build
make[1]: Entering directory '/home/jbs/test_ws/src/traj_gen/cmake-build-debug/CMakeFiles/CMakeTmp'
Building C object CMakeFiles/cmTC_cc82f.dir/src.c.o
/usr/bin/cc   -DCMAKE_HAVE_LIBC_PTHREAD   -o CMakeFiles/cmTC_cc82f.dir/src.c.o   -c /home/jbs/test_ws/src/traj_gen/cmake-build-debug/CMakeFiles/CMakeTmp/src.c
Linking C executable cmTC_cc82f
/home/jbs/clion-2019.3.4/bin/cmake/linux/bin/cmake -E cmake_link_script CMakeFiles/cmTC_cc82f.dir/link.txt --verbose=1
/usr/bin/cc  -DCMAKE_HAVE_LIBC_PTHREAD    -rdynamic CMakeFiles/cmTC_cc82f.dir/src.c.o  -o cmTC_cc82f 
CMakeFiles/cmTC_cc82f.dir/src.c.o: In function `main':
src.c:(.text+0x3e): undefined reference to `pthread_create'
src.c:(.text+0x4a): undefined reference to `pthread_detach'
src.c:(.text+0x5b): undefined reference to `pthread_join'
src.c:(.text+0x6f): undefined reference to `pthread_atfork'
collect2: error: ld returned 1 exit status
CMakeFiles/cmTC_cc82f.dir/build.make:86: recipe for target 'cmTC_cc82f' failed
make[1]: *** [cmTC_cc82f] Error 1
make[1]: Leaving directory '/home/jbs/test_ws/src/traj_gen/cmake-build-debug/CMakeFiles/CMakeTmp'
Makefile:121: recipe for target 'cmTC_cc82f/fast' failed
make: *** [cmTC_cc82f/fast] Error 2


Source file was:
#include <pthread.h>

void* test_func(void* data)
{
  return data;
}

int main(void)
{
  pthread_t thread;
  pthread_create(&thread, NULL, test_func, NULL);
  pthread_detach(thread);
  pthread_join(thread, NULL);
  pthread_atfork(NULL, NULL, NULL);
  pthread_exit(NULL);

  return 0;
}

Determining if the function pthread_create exists in the pthreads failed with the following output:
Change Dir: /home/jbs/test_ws/src/traj_gen/cmake-build-debug/CMakeFiles/CMakeTmp

Run Build Command(s):/usr/bin/make cmTC_5f86b/fast && /usr/bin/make -f CMakeFiles/cmTC_5f86b.dir/build.make CMakeFiles/cmTC_5f86b.dir/build
make[1]: Entering directory '/home/jbs/test_ws/src/traj_gen/cmake-build-debug/CMakeFiles/CMakeTmp'
Building C object CMakeFiles/cmTC_5f86b.dir/CheckFunctionExists.c.o
/usr/bin/cc   -DCHECK_FUNCTION_EXISTS=pthread_create   -o CMakeFiles/cmTC_5f86b.dir/CheckFunctionExists.c.o   -c /home/jbs/clion-2019.3.4/bin/cmake/linux/share/cmake-3.15/Modules/CheckFunctionExists.c
Linking C executable cmTC_5f86b
/home/jbs/clion-2019.3.4/bin/cmake/linux/bin/cmake -E cmake_link_script CMakeFiles/cmTC_5f86b.dir/link.txt --verbose=1
/usr/bin/cc  -DCHECK_FUNCTION_EXISTS=pthread_create    -rdynamic CMakeFiles/cmTC_5f86b.dir/CheckFunctionExists.c.o  -o cmTC_5f86b -lpthreads 
/usr/bin/ld: cannot find -lpthreads
collect2: error: ld returned 1 exit status
CMakeFiles/cmTC_5f86b.dir/build.make:86: recipe for target 'cmTC_5f86b' failed
make[1]: *** [cmTC_5f86b] Error 1
make[1]: Leaving directory '/home/jbs/test_ws/src/traj_gen/cmake-build-debug/CMakeFiles/CMakeTmp'
Makefile:121: recipe for target 'cmTC_5f86b/fast' failed
make: *** [cmTC_5f86b/fast] Error 2



Determining if the Q_WS_WIN exist failed with the following output:
Change Dir: /home/jbs/test_ws/src/traj_gen/cmake-build-debug/CMakeFiles/CMakeTmp

Run Build Command(s):/usr/bin/make cmTC_b6240/fast && /usr/bin/make -f CMakeFiles/cmTC_b6240.dir/build.make CMakeFiles/cmTC_b6240.dir/build
make[1]: Entering directory '/home/jbs/test_ws/src/traj_gen/cmake-build-debug/CMakeFiles/CMakeTmp'
Building CXX object CMakeFiles/cmTC_b6240.dir/CheckSymbolExists.cxx.o
/usr/bin/c++   -I/usr/include/qt4   -o CMakeFiles/cmTC_b6240.dir/CheckSymbolExists.cxx.o -c /home/jbs/test_ws/src/traj_gen/cmake-build-debug/CMakeFiles/CMakeTmp/CheckSymbolExists.cxx
/home/jbs/test_ws/src/traj_gen/cmake-build-debug/CMakeFiles/CMakeTmp/CheckSymbolExists.cxx: In function ‘int main(int, char**)’:
/home/jbs/test_ws/src/traj_gen/cmake-build-debug/CMakeFiles/CMakeTmp/CheckSymbolExists.cxx:8:19: error: ‘Q_WS_WIN’ was not declared in this scope
   return ((int*)(&Q_WS_WIN))[argc];
                   ^~~~~~~~
/home/jbs/test_ws/src/traj_gen/cmake-build-debug/CMakeFiles/CMakeTmp/CheckSymbolExists.cxx:8:19: note: suggested alternative: ‘Q_WS_X11’
   return ((int*)(&Q_WS_WIN))[argc];
                   ^~~~~~~~
                   Q_WS_X11
CMakeFiles/cmTC_b6240.dir/build.make:65: recipe for target 'CMakeFiles/cmTC_b6240.dir/CheckSymbolExists.cxx.o' failed
make[1]: *** [CMakeFiles/cmTC_b6240.dir/CheckSymbolExists.cxx.o] Error 1
make[1]: Leaving directory '/home/jbs/test_ws/src/traj_gen/cmake-build-debug/CMakeFiles/CMakeTmp'
Makefile:121: recipe for target 'cmTC_b6240/fast' failed
make: *** [cmTC_b6240/fast] Error 2


File /home/jbs/test_ws/src/traj_gen/cmake-build-debug/CMakeFiles/CMakeTmp/CheckSymbolExists.cxx:
/* */
#include <QtCore/qglobal.h>

int main(int argc, char** argv)
{
  (void)argv;
#ifndef Q_WS_WIN
  return ((int*)(&Q_WS_WIN))[argc];
#else
  (void)argc;
  return 0;
#endif
}

Determining if the Q_WS_QWS exist failed with the following output:
Change Dir: /home/jbs/test_ws/src/traj_gen/cmake-build-debug/CMakeFiles/CMakeTmp

Run Build Command(s):/usr/bin/make cmTC_0eff2/fast && /usr/bin/make -f CMakeFiles/cmTC_0eff2.dir/build.make CMakeFiles/cmTC_0eff2.dir/build
make[1]: Entering directory '/home/jbs/test_ws/src/traj_gen/cmake-build-debug/CMakeFiles/CMakeTmp'
Building CXX object CMakeFiles/cmTC_0eff2.dir/CheckSymbolExists.cxx.o
/usr/bin/c++   -I/usr/include/qt4   -o CMakeFiles/cmTC_0eff2.dir/CheckSymbolExists.cxx.o -c /home/jbs/test_ws/src/traj_gen/cmake-build-debug/CMakeFiles/CMakeTmp/CheckSymbolExists.cxx
/home/jbs/test_ws/src/traj_gen/cmake-build-debug/CMakeFiles/CMakeTmp/CheckSymbolExists.cxx: In function ‘int main(int, char**)’:
/home/jbs/test_ws/src/traj_gen/cmake-build-debug/CMakeFiles/CMakeTmp/CheckSymbolExists.cxx:8:19: error: ‘Q_WS_QWS’ was not declared in this scope
   return ((int*)(&Q_WS_QWS))[argc];
                   ^~~~~~~~
/home/jbs/test_ws/src/traj_gen/cmake-build-debug/CMakeFiles/CMakeTmp/CheckSymbolExists.cxx:8:19: note: suggested alternative: ‘Q_WS_X11’
   return ((int*)(&Q_WS_QWS))[argc];
                   ^~~~~~~~
                   Q_WS_X11
CMakeFiles/cmTC_0eff2.dir/build.make:65: recipe for target 'CMakeFiles/cmTC_0eff2.dir/CheckSymbolExists.cxx.o' failed
make[1]: *** [CMakeFiles/cmTC_0eff2.dir/CheckSymbolExists.cxx.o] Error 1
make[1]: Leaving directory '/home/jbs/test_ws/src/traj_gen/cmake-build-debug/CMakeFiles/CMakeTmp'
Makefile:121: recipe for target 'cmTC_0eff2/fast' failed
make: *** [cmTC_0eff2/fast] Error 2


File /home/jbs/test_ws/src/traj_gen/cmake-build-debug/CMakeFiles/CMakeTmp/CheckSymbolExists.cxx:
/* */
#include <QtCore/qglobal.h>

int main(int argc, char** argv)
{
  (void)argv;
#ifndef Q_WS_QWS
  return ((int*)(&Q_WS_QWS))[argc];
#else
  (void)argc;
  return 0;
#endif
}

Determining if the Q_WS_MAC exist failed with the following output:
Change Dir: /home/jbs/test_ws/src/traj_gen/cmake-build-debug/CMakeFiles/CMakeTmp

Run Build Command(s):/usr/bin/make cmTC_21b67/fast && /usr/bin/make -f CMakeFiles/cmTC_21b67.dir/build.make CMakeFiles/cmTC_21b67.dir/build
make[1]: Entering directory '/home/jbs/test_ws/src/traj_gen/cmake-build-debug/CMakeFiles/CMakeTmp'
Building CXX object CMakeFiles/cmTC_21b67.dir/CheckSymbolExists.cxx.o
/usr/bin/c++   -I/usr/include/qt4   -o CMakeFiles/cmTC_21b67.dir/CheckSymbolExists.cxx.o -c /home/jbs/test_ws/src/traj_gen/cmake-build-debug/CMakeFiles/CMakeTmp/CheckSymbolExists.cxx
/home/jbs/test_ws/src/traj_gen/cmake-build-debug/CMakeFiles/CMakeTmp/CheckSymbolExists.cxx: In function ‘int main(int, char**)’:
/home/jbs/test_ws/src/traj_gen/cmake-build-debug/CMakeFiles/CMakeTmp/CheckSymbolExists.cxx:8:19: error: ‘Q_WS_MAC’ was not declared in this scope
   return ((int*)(&Q_WS_MAC))[argc];
                   ^~~~~~~~
/home/jbs/test_ws/src/traj_gen/cmake-build-debug/CMakeFiles/CMakeTmp/CheckSymbolExists.cxx:8:19: note: suggested alternative: ‘Q_WS_X11’
   return ((int*)(&Q_WS_MAC))[argc];
                   ^~~~~~~~
                   Q_WS_X11
CMakeFiles/cmTC_21b67.dir/build.make:65: recipe for target 'CMakeFiles/cmTC_21b67.dir/CheckSymbolExists.cxx.o' failed
make[1]: *** [CMakeFiles/cmTC_21b67.dir/CheckSymbolExists.cxx.o] Error 1
make[1]: Leaving directory '/home/jbs/test_ws/src/traj_gen/cmake-build-debug/CMakeFiles/CMakeTmp'
Makefile:121: recipe for target 'cmTC_21b67/fast' failed
make: *** [cmTC_21b67/fast] Error 2


File /home/jbs/test_ws/src/traj_gen/cmake-build-debug/CMakeFiles/CMakeTmp/CheckSymbolExists.cxx:
/* */
#include <QtCore/qglobal.h>

int main(int argc, char** argv)
{
  (void)argv;
#ifndef Q_WS_MAC
  return ((int*)(&Q_WS_MAC))[argc];
#else
  (void)argc;
  return 0;
#endif
}

